{"C:\\Users\\eliny\\OneDrive\\Dokumenter\\NOROFF\\24H\\02_Workflow\\Lesson Tasks\\LT_workflow_M02-03_unit-testing\\FED1-PE1-EliNygard\\javascript\\api\\loginUser.js": {"path":"C:\\Users\\eliny\\OneDrive\\Dokumenter\\NOROFF\\24H\\02_Workflow\\Lesson Tasks\\LT_workflow_M02-03_unit-testing\\FED1-PE1-EliNygard\\javascript\\api\\loginUser.js","statementMap":{"0":{"start":{"line":2,"column":2},"end":{"line":24,"column":3}},"1":{"start":{"line":3,"column":21},"end":{"line":9,"column":5}},"2":{"start":{"line":11,"column":21},"end":{"line":11,"column":47}},"3":{"start":{"line":12,"column":17},"end":{"line":12,"column":38}},"4":{"start":{"line":13,"column":24},"end":{"line":13,"column":45}},"5":{"start":{"line":15,"column":4},"end":{"line":21,"column":5}},"6":{"start":{"line":16,"column":6},"end":{"line":16,"column":55}},"7":{"start":{"line":17,"column":6},"end":{"line":17,"column":49}},"8":{"start":{"line":18,"column":6},"end":{"line":18,"column":71}},"9":{"start":{"line":20,"column":6},"end":{"line":20,"column":18}},"10":{"start":{"line":23,"column":4},"end":{"line":23,"column":36}}},"fnMap":{"0":{"name":"loginUser","decl":{"start":{"line":1,"column":22},"end":{"line":1,"column":31}},"loc":{"start":{"line":1,"column":47},"end":{"line":25,"column":1}},"line":1}},"branchMap":{"0":{"loc":{"start":{"line":15,"column":4},"end":{"line":21,"column":5}},"type":"if","locations":[{"start":{"line":15,"column":4},"end":{"line":21,"column":5}},{"start":{},"end":{}}],"line":15}},"s":{"0":2,"1":2,"2":2,"3":2,"4":2,"5":1,"6":1,"7":1,"8":1,"9":1,"10":1},"f":{"0":2},"b":{"0":[1,0]},"_coverageSchema":"1a1c01bbd47fc00a2c39e90264f33305004495a9","hash":"8bf9ff222385c87b1ccb2d360803179a371f97f5"}
}
